{"uuid":"3576ec2d-7b9a-4146-8afb-0b35ac621ed4","historyId":"5022d964187891cb473f0676f297107","testCaseId":"6672bc6f6fed9a93b7e1439741a22fa5","fullName":"./src/test/resources/features/ALLCourses.feature:5","labels":[{"name":"tag","value":"AllCourses"},{"name":"tag","value":"FilterCategory"},{"name":"host","value":"DESKTOP-PKBVHAB"},{"name":"thread","value":"12284@DESKTOP-PKBVHAB.main(1)"},{"name":"feature","value":"All Courses Page"},{"name":"story","value":"Filter courses by category"},{"name":"suite","value":"All Courses Page"},{"name":"testClass","value":"Filter courses by category"},{"name":"framework","value":"cucumber4jvm"},{"name":"language","value":"java"},{"name":"gherkin_uri","value":"file:///C:/Users/ADITYA/eclipse-workspace/Capstone_Project/./src/test/resources/features/ALLCourses.feature"},{"name":"package","value":"src.test.resources.features.ALLCourses_feature.All Courses Page"}],"links":[],"name":"Filter courses by category","status":"failed","statusDetails":{"known":false,"muted":false,"flaky":false,"message":"Expected course 'Selenium WebDriver 4 With Java' is not displayed! expected [true] but found [false]","trace":"java.lang.AssertionError: Expected course 'Selenium WebDriver 4 With Java' is not displayed! expected [true] but found [false]\r\n\tat org.testng.Assert.fail(Assert.java:111)\r\n\tat org.testng.Assert.failNotEquals(Assert.java:1590)\r\n\tat org.testng.Assert.assertTrue(Assert.java:57)\r\n\tat stepDefinations.AllCoursesSteps.verifyCourseVisibility(AllCoursesSteps.java:53)\r\n\tat ✽.I should see the course \"Selenium WebDriver 4 With Java\" by category(file:///C:/Users/ADITYA/eclipse-workspace/Capstone_Project/./src/test/resources/features/ALLCourses.feature:8)\r\n"},"stage":"finished","steps":[{"name":"Given I am on the All Courses Page","status":"passed","statusDetails":{"known":false,"muted":false,"flaky":false},"stage":"finished","steps":[],"attachments":[],"parameters":[],"start":1742225460362,"stop":1742225460402},{"name":"When I filter courses by category \"Sotfware Testing\"","status":"passed","statusDetails":{"known":false,"muted":false,"flaky":false},"stage":"finished","steps":[],"attachments":[],"parameters":[],"start":1742225460403,"stop":1742225460713},{"name":"Then I should see the course \"Selenium WebDriver 4 With Java\" by category","status":"failed","statusDetails":{"known":false,"muted":false,"flaky":false,"message":"Expected course 'Selenium WebDriver 4 With Java' is not displayed! expected [true] but found [false]","trace":"java.lang.AssertionError: Expected course 'Selenium WebDriver 4 With Java' is not displayed! expected [true] but found [false]\r\n\tat org.testng.Assert.fail(Assert.java:111)\r\n\tat org.testng.Assert.failNotEquals(Assert.java:1590)\r\n\tat org.testng.Assert.assertTrue(Assert.java:57)\r\n\tat stepDefinations.AllCoursesSteps.verifyCourseVisibility(AllCoursesSteps.java:53)\r\n\tat ✽.I should see the course \"Selenium WebDriver 4 With Java\" by category(file:///C:/Users/ADITYA/eclipse-workspace/Capstone_Project/./src/test/resources/features/ALLCourses.feature:8)\r\n"},"stage":"finished","steps":[],"attachments":[],"parameters":[],"start":1742225460714,"stop":1742225461588}],"attachments":[],"parameters":[],"start":1742225444592,"stop":1742225461597}