{"uuid":"e57f170e-fb39-44e6-975d-dfe12b3de989","historyId":"734da0cf5fcb04728327b91c6fabc45e","testCaseId":"def00e7f8d1cfd5a37ae81ee3475ef36","fullName":"./src/test/resources/features/shoppingcartpage.feature:4","labels":[{"name":"host","value":"Sundar"},{"name":"thread","value":"20520@Sundar.main(1)"},{"name":"feature","value":"Shopping Cart Functionality"},{"name":"story","value":"Verify shopping cart operations"},{"name":"suite","value":"Shopping Cart Functionality"},{"name":"testClass","value":"Verify shopping cart operations"},{"name":"framework","value":"cucumber4jvm"},{"name":"language","value":"java"},{"name":"gherkin_uri","value":"file:///C:/Users/sunda/Downloads/Capstone_Project%20(2)/Capstone_Project/./src/test/resources/features/shoppingcartpage.feature"},{"name":"package","value":"src.test.resources.features.shoppingcartpage_feature.Shopping Cart Functionality"}],"links":[],"name":"Verify shopping cart operations","status":"broken","statusDetails":{"known":false,"muted":false,"flaky":false,"message":"element click intercepted: Element <span class=\"cart-label\">...</span> is not clickable at point (1090, 4). Other element would receive the click: <div id=\"bar-notification\" class=\"bar-notification success\" style=\"display: block;\">...</div>\n  (Session info: chrome=134.0.6998.89)\nBuild info: version: '4.19.1', revision: 'abe0ee07dc'\nSystem info: os.name: 'Windows 11', os.arch: 'amd64', os.version: '10.0', java.version: '23.0.1'\nDriver info: org.openqa.selenium.chrome.ChromeDriver\nCommand: [a9b4623e1e5dcaf49f76147015e2dec6, clickElement {id=f.F43EA4E23F265C034CF3E62AB235D4A4.d.7CB2D770D90D476CB2CC3BBDD0C1A00A.e.276}]\nCapabilities {acceptInsecureCerts: false, browserName: chrome, browserVersion: 134.0.6998.89, chrome: {chromedriverVersion: 134.0.6998.88 (7e3d5c978c6d..., userDataDir: C:\\Users\\sunda\\AppData\\Loca...}, fedcm:accounts: true, goog:chromeOptions: {debuggerAddress: localhost:64257}, networkConnectionEnabled: false, pageLoadStrategy: normal, platformName: windows, proxy: Proxy(), se:cdp: ws://localhost:64257/devtoo..., se:cdpVersion: 134.0.6998.89, setWindowRect: true, strictFileInteractability: false, timeouts: {implicit: 0, pageLoad: 300000, script: 30000}, unhandledPromptBehavior: dismiss and notify, webauthn:extension:credBlob: true, webauthn:extension:largeBlob: true, webauthn:extension:minPinLength: true, webauthn:extension:prf: true, webauthn:virtualAuthenticators: true}\nElement: [[ChromeDriver: chrome on windows (a9b4623e1e5dcaf49f76147015e2dec6)] -> xpath: //span[normalize-space()='Shopping cart']]\nSession ID: a9b4623e1e5dcaf49f76147015e2dec6","trace":"org.openqa.selenium.ElementClickInterceptedException: element click intercepted: Element <span class=\"cart-label\">...</span> is not clickable at point (1090, 4). Other element would receive the click: <div id=\"bar-notification\" class=\"bar-notification success\" style=\"display: block;\">...</div>\n  (Session info: chrome=134.0.6998.89)\nBuild info: version: '4.19.1', revision: 'abe0ee07dc'\nSystem info: os.name: 'Windows 11', os.arch: 'amd64', os.version: '10.0', java.version: '23.0.1'\nDriver info: org.openqa.selenium.chrome.ChromeDriver\nCommand: [a9b4623e1e5dcaf49f76147015e2dec6, clickElement {id=f.F43EA4E23F265C034CF3E62AB235D4A4.d.7CB2D770D90D476CB2CC3BBDD0C1A00A.e.276}]\nCapabilities {acceptInsecureCerts: false, browserName: chrome, browserVersion: 134.0.6998.89, chrome: {chromedriverVersion: 134.0.6998.88 (7e3d5c978c6d..., userDataDir: C:\\Users\\sunda\\AppData\\Loca...}, fedcm:accounts: true, goog:chromeOptions: {debuggerAddress: localhost:64257}, networkConnectionEnabled: false, pageLoadStrategy: normal, platformName: windows, proxy: Proxy(), se:cdp: ws://localhost:64257/devtoo..., se:cdpVersion: 134.0.6998.89, setWindowRect: true, strictFileInteractability: false, timeouts: {implicit: 0, pageLoad: 300000, script: 30000}, unhandledPromptBehavior: dismiss and notify, webauthn:extension:credBlob: true, webauthn:extension:largeBlob: true, webauthn:extension:minPinLength: true, webauthn:extension:prf: true, webauthn:virtualAuthenticators: true}\nElement: [[ChromeDriver: chrome on windows (a9b4623e1e5dcaf49f76147015e2dec6)] -> xpath: //span[normalize-space()='Shopping cart']]\nSession ID: a9b4623e1e5dcaf49f76147015e2dec6\r\n\tat java.base/jdk.internal.reflect.DirectConstructorHandleAccessor.newInstance(DirectConstructorHandleAccessor.java:62)\r\n\tat java.base/java.lang.reflect.Constructor.newInstanceWithCaller(Constructor.java:501)\r\n\tat java.base/java.lang.reflect.Constructor.newInstance(Constructor.java:485)\r\n\tat org.openqa.selenium.remote.ErrorCodec.decode(ErrorCodec.java:167)\r\n\tat org.openqa.selenium.remote.codec.w3c.W3CHttpResponseCodec.decode(W3CHttpResponseCodec.java:138)\r\n\tat org.openqa.selenium.remote.codec.w3c.W3CHttpResponseCodec.decode(W3CHttpResponseCodec.java:50)\r\n\tat org.openqa.selenium.remote.HttpCommandExecutor.execute(HttpCommandExecutor.java:190)\r\n\tat org.openqa.selenium.remote.service.DriverCommandExecutor.invokeExecute(DriverCommandExecutor.java:216)\r\n\tat org.openqa.selenium.remote.service.DriverCommandExecutor.execute(DriverCommandExecutor.java:174)\r\n\tat org.openqa.selenium.remote.RemoteWebDriver.execute(RemoteWebDriver.java:518)\r\n\tat org.openqa.selenium.remote.RemoteWebElement.execute(RemoteWebElement.java:223)\r\n\tat org.openqa.selenium.remote.RemoteWebElement.click(RemoteWebElement.java:76)\r\n\tat pages.ShoppingCartPage.clickShoppingCartLink(ShoppingCartPage.java:46)\r\n\tat stepDefinations.ShoppingCartPageSteps.iGoToTheShoppingCart(ShoppingCartPageSteps.java:30)\r\n\tat ✽.I go to the shopping cart(file:///C:/Users/sunda/Downloads/Capstone_Project%20(2)/Capstone_Project/./src/test/resources/features/shoppingcartpage.feature:7)\r\n"},"stage":"finished","steps":[{"name":"Given I am on the home page for shopping cart testing","status":"passed","statusDetails":{"known":false,"muted":false,"flaky":false},"stage":"finished","steps":[],"attachments":[],"parameters":[],"start":1742245256346,"stop":1742245256351},{"name":"When I search for \"smartphone\" and add the product to cart","status":"passed","statusDetails":{"known":false,"muted":false,"flaky":false},"stage":"finished","steps":[],"attachments":[],"parameters":[],"start":1742245256352,"stop":1742245258150},{"name":"When I go to the shopping cart","status":"broken","statusDetails":{"known":false,"muted":false,"flaky":false,"message":"element click intercepted: Element <span class=\"cart-label\">...</span> is not clickable at point (1090, 4). Other element would receive the click: <div id=\"bar-notification\" class=\"bar-notification success\" style=\"display: block;\">...</div>\n  (Session info: chrome=134.0.6998.89)\nBuild info: version: '4.19.1', revision: 'abe0ee07dc'\nSystem info: os.name: 'Windows 11', os.arch: 'amd64', os.version: '10.0', java.version: '23.0.1'\nDriver info: org.openqa.selenium.chrome.ChromeDriver\nCommand: [a9b4623e1e5dcaf49f76147015e2dec6, clickElement {id=f.F43EA4E23F265C034CF3E62AB235D4A4.d.7CB2D770D90D476CB2CC3BBDD0C1A00A.e.276}]\nCapabilities {acceptInsecureCerts: false, browserName: chrome, browserVersion: 134.0.6998.89, chrome: {chromedriverVersion: 134.0.6998.88 (7e3d5c978c6d..., userDataDir: C:\\Users\\sunda\\AppData\\Loca...}, fedcm:accounts: true, goog:chromeOptions: {debuggerAddress: localhost:64257}, networkConnectionEnabled: false, pageLoadStrategy: normal, platformName: windows, proxy: Proxy(), se:cdp: ws://localhost:64257/devtoo..., se:cdpVersion: 134.0.6998.89, setWindowRect: true, strictFileInteractability: false, timeouts: {implicit: 0, pageLoad: 300000, script: 30000}, unhandledPromptBehavior: dismiss and notify, webauthn:extension:credBlob: true, webauthn:extension:largeBlob: true, webauthn:extension:minPinLength: true, webauthn:extension:prf: true, webauthn:virtualAuthenticators: true}\nElement: [[ChromeDriver: chrome on windows (a9b4623e1e5dcaf49f76147015e2dec6)] -> xpath: //span[normalize-space()='Shopping cart']]\nSession ID: a9b4623e1e5dcaf49f76147015e2dec6","trace":"org.openqa.selenium.ElementClickInterceptedException: element click intercepted: Element <span class=\"cart-label\">...</span> is not clickable at point (1090, 4). Other element would receive the click: <div id=\"bar-notification\" class=\"bar-notification success\" style=\"display: block;\">...</div>\n  (Session info: chrome=134.0.6998.89)\nBuild info: version: '4.19.1', revision: 'abe0ee07dc'\nSystem info: os.name: 'Windows 11', os.arch: 'amd64', os.version: '10.0', java.version: '23.0.1'\nDriver info: org.openqa.selenium.chrome.ChromeDriver\nCommand: [a9b4623e1e5dcaf49f76147015e2dec6, clickElement {id=f.F43EA4E23F265C034CF3E62AB235D4A4.d.7CB2D770D90D476CB2CC3BBDD0C1A00A.e.276}]\nCapabilities {acceptInsecureCerts: false, browserName: chrome, browserVersion: 134.0.6998.89, chrome: {chromedriverVersion: 134.0.6998.88 (7e3d5c978c6d..., userDataDir: C:\\Users\\sunda\\AppData\\Loca...}, fedcm:accounts: true, goog:chromeOptions: {debuggerAddress: localhost:64257}, networkConnectionEnabled: false, pageLoadStrategy: normal, platformName: windows, proxy: Proxy(), se:cdp: ws://localhost:64257/devtoo..., se:cdpVersion: 134.0.6998.89, setWindowRect: true, strictFileInteractability: false, timeouts: {implicit: 0, pageLoad: 300000, script: 30000}, unhandledPromptBehavior: dismiss and notify, webauthn:extension:credBlob: true, webauthn:extension:largeBlob: true, webauthn:extension:minPinLength: true, webauthn:extension:prf: true, webauthn:virtualAuthenticators: true}\nElement: [[ChromeDriver: chrome on windows (a9b4623e1e5dcaf49f76147015e2dec6)] -> xpath: //span[normalize-space()='Shopping cart']]\nSession ID: a9b4623e1e5dcaf49f76147015e2dec6\r\n\tat java.base/jdk.internal.reflect.DirectConstructorHandleAccessor.newInstance(DirectConstructorHandleAccessor.java:62)\r\n\tat java.base/java.lang.reflect.Constructor.newInstanceWithCaller(Constructor.java:501)\r\n\tat java.base/java.lang.reflect.Constructor.newInstance(Constructor.java:485)\r\n\tat org.openqa.selenium.remote.ErrorCodec.decode(ErrorCodec.java:167)\r\n\tat org.openqa.selenium.remote.codec.w3c.W3CHttpResponseCodec.decode(W3CHttpResponseCodec.java:138)\r\n\tat org.openqa.selenium.remote.codec.w3c.W3CHttpResponseCodec.decode(W3CHttpResponseCodec.java:50)\r\n\tat org.openqa.selenium.remote.HttpCommandExecutor.execute(HttpCommandExecutor.java:190)\r\n\tat org.openqa.selenium.remote.service.DriverCommandExecutor.invokeExecute(DriverCommandExecutor.java:216)\r\n\tat org.openqa.selenium.remote.service.DriverCommandExecutor.execute(DriverCommandExecutor.java:174)\r\n\tat org.openqa.selenium.remote.RemoteWebDriver.execute(RemoteWebDriver.java:518)\r\n\tat org.openqa.selenium.remote.RemoteWebElement.execute(RemoteWebElement.java:223)\r\n\tat org.openqa.selenium.remote.RemoteWebElement.click(RemoteWebElement.java:76)\r\n\tat pages.ShoppingCartPage.clickShoppingCartLink(ShoppingCartPage.java:46)\r\n\tat stepDefinations.ShoppingCartPageSteps.iGoToTheShoppingCart(ShoppingCartPageSteps.java:30)\r\n\tat ✽.I go to the shopping cart(file:///C:/Users/sunda/Downloads/Capstone_Project%20(2)/Capstone_Project/./src/test/resources/features/shoppingcartpage.feature:7)\r\n"},"stage":"finished","steps":[],"attachments":[],"parameters":[],"start":1742245258150,"stop":1742245259290},{"name":"When I remove the product from cart","status":"skipped","statusDetails":{"known":false,"muted":false,"flaky":false},"stage":"finished","steps":[],"attachments":[],"parameters":[],"start":1742245259292,"stop":1742245259293},{"name":"Then the shopping cart is empty","status":"skipped","statusDetails":{"known":false,"muted":false,"flaky":false},"stage":"finished","steps":[],"attachments":[],"parameters":[],"start":1742245259293,"stop":1742245259294}],"attachments":[],"parameters":[],"start":1742245256342,"stop":1742245259298}